The target system is: Windows -  - x86_64
The host system is: Linux - 5.5.9-zen1-2-zen - x86_64
Compiling the C compiler identification source file "CMakeCCompilerId.c" succeeded.
Compiler: /usr/bin/x86_64-w64-mingw32-gcc 
Build flags: -D_FORTIFY_SOURCE=2;-O2;-pipe;-fno-plt;-fexceptions;--param=ssp-buffer-size=4;
Id flags:  

The output was:
0


Compilation of the C compiler identification source "CMakeCCompilerId.c" produced "a.exe"

The C compiler identification is GNU, found in "/home/edu/ufabc/ic/microscopio/glviewer/build_win/CMakeFiles/3.16.5/CompilerIdC/a.exe"

Compiling the CXX compiler identification source file "CMakeCXXCompilerId.cpp" succeeded.
Compiler: /usr/bin/x86_64-w64-mingw32-g++ 
Build flags: -D_FORTIFY_SOURCE=2;-O2;-pipe;-fno-plt;-fexceptions;--param=ssp-buffer-size=4;
Id flags:  

The output was:
0


Compilation of the CXX compiler identification source "CMakeCXXCompilerId.cpp" produced "a.exe"

The CXX compiler identification is GNU, found in "/home/edu/ufabc/ic/microscopio/glviewer/build_win/CMakeFiles/3.16.5/CompilerIdCXX/a.exe"

Determining if the C compiler works passed with the following output:
Change Dir: /home/edu/ufabc/ic/microscopio/glviewer/build_win/CMakeFiles/CMakeTmp

Run Build Command(s):/usr/bin/make cmTC_713ad/fast && /usr/bin/make -f CMakeFiles/cmTC_713ad.dir/build.make CMakeFiles/cmTC_713ad.dir/build
make[1]: Entrando no diret贸rio '/home/edu/ufabc/ic/microscopio/glviewer/build_win/CMakeFiles/CMakeTmp'

Building C object CMakeFiles/cmTC_713ad.dir/testCCompiler.c.obj
/usr/bin/x86_64-w64-mingw32-gcc   -D_FORTIFY_SOURCE=2 -O2 -pipe -fno-plt -fexceptions --param=ssp-buffer-size=4    -o CMakeFiles/cmTC_713ad.dir/testCCompiler.c.obj   -c /home/edu/ufabc/ic/microscopio/glviewer/build_win/CMakeFiles/CMakeTmp/testCCompiler.c
Linking C executable cmTC_713ad.exe
/usr/bin/cmake -E cmake_link_script CMakeFiles/cmTC_713ad.dir/link.txt --verbose=1
/usr/bin/cmake -E remove -f CMakeFiles/cmTC_713ad.dir/objects.a
/usr/bin/x86_64-w64-mingw32-ar cr CMakeFiles/cmTC_713ad.dir/objects.a @CMakeFiles/cmTC_713ad.dir/objects1.rsp
/usr/bin/x86_64-w64-mingw32-gcc -D_FORTIFY_SOURCE=2 -O2 -pipe -fno-plt -fexceptions --param=ssp-buffer-size=4   -Wl,-O1,--sort-common,--as-needed -fstack-protector  -Wl,--whole-archive CMakeFiles/cmTC_713ad.dir/objects.a -Wl,--no-whole-archive  -o cmTC_713ad.exe -Wl,--out-implib,libcmTC_713ad.dll.a -Wl,--major-image-version,0,--minor-image-version,0 @CMakeFiles/cmTC_713ad.dir/linklibs.rsp
make[1]: Saindo do diret贸rio '/home/edu/ufabc/ic/microscopio/glviewer/build_win/CMakeFiles/CMakeTmp'




Detecting C compiler ABI info compiled with the following output:
Change Dir: /home/edu/ufabc/ic/microscopio/glviewer/build_win/CMakeFiles/CMakeTmp

Run Build Command(s):/usr/bin/make cmTC_7f784/fast && /usr/bin/make -f CMakeFiles/cmTC_7f784.dir/build.make CMakeFiles/cmTC_7f784.dir/build
make[1]: Entering directory '/home/edu/ufabc/ic/microscopio/glviewer/build_win/CMakeFiles/CMakeTmp'
Building C object CMakeFiles/cmTC_7f784.dir/CMakeCCompilerABI.c.obj
/usr/bin/x86_64-w64-mingw32-gcc   -D_FORTIFY_SOURCE=2 -O2 -pipe -fno-plt -fexceptions --param=ssp-buffer-size=4    -v -o CMakeFiles/cmTC_7f784.dir/CMakeCCompilerABI.c.obj   -c /usr/share/cmake-3.16/Modules/CMakeCCompilerABI.c
Using built-in specs.
COLLECT_GCC=/usr/bin/x86_64-w64-mingw32-gcc
Target: x86_64-w64-mingw32
Configured with: /home/scarlet/Projects/mingw-w64-builds/pkg/mingw-w64-gcc/src/gcc/configure --prefix=/usr --libexecdir=/usr/lib --target=x86_64-w64-mingw32 --enable-languages=c,lto,c++,objc,obj-c++,fortran,ada --enable-shared --enable-static --enable-threads=posix --enable-fully-dynamic-string --enable-libstdcxx-time=yes --enable-libstdcxx-filesystem-ts=yes --with-system-zlib --enable-cloog-backend=isl --enable-lto --disable-dw2-exceptions --enable-libgomp --disable-multilib --enable-checking=release
Thread model: posix
gcc version 9.2.0 (GCC) 
COLLECT_GCC_OPTIONS='-D' '_FORTIFY_SOURCE=2' '-O2' '-pipe' '-fno-plt' '-fexceptions' '--param' 'ssp-buffer-size=4' '-v' '-o' 'CMakeFiles/cmTC_7f784.dir/CMakeCCompilerABI.c.obj' '-c' '-mtune=generic' '-march=x86-64'
 /usr/lib/gcc/x86_64-w64-mingw32/9.2.0/cc1 -quiet -v -D_REENTRANT -D _FORTIFY_SOURCE=2 /usr/share/cmake-3.16/Modules/CMakeCCompilerABI.c -quiet -dumpbase CMakeCCompilerABI.c -mtune=generic -march=x86-64 -auxbase-strip CMakeFiles/cmTC_7f784.dir/CMakeCCompilerABI.c.obj -O2 -version -fno-plt -fexceptions --param ssp-buffer-size=4 -o - |
 /usr/lib/gcc/x86_64-w64-mingw32/9.2.0/../../../../x86_64-w64-mingw32/bin/as -v -o CMakeFiles/cmTC_7f784.dir/CMakeCCompilerABI.c.obj
GNU assembler version 2.34 (x86_64-w64-mingw32) using BFD version (GNU Binutils) 2.34
GNU C17 (GCC) version 9.2.0 (x86_64-w64-mingw32)
	compiled by GNU C version 9.1.0, GMP version 6.1.2, MPFR version 4.0.2, MPC version 1.1.0, isl version isl-0.21-GMP

warning: GMP header version 6.1.2 differs from library version 6.2.0.
GGC heuristics: --param ggc-min-expand=100 --param ggc-min-heapsize=131072
ignoring nonexistent directory "/usr/lib/gcc/x86_64-w64-mingw32/9.2.0/../../../../x86_64-w64-mingw32/sys-include"
#include "..." search starts here:
#include <...> search starts here:
 /usr/lib/gcc/x86_64-w64-mingw32/9.2.0/include
 /usr/lib/gcc/x86_64-w64-mingw32/9.2.0/include-fixed
 /usr/lib/gcc/x86_64-w64-mingw32/9.2.0/../../../../x86_64-w64-mingw32/include
End of search list.
GNU C17 (GCC) version 9.2.0 (x86_64-w64-mingw32)
	compiled by GNU C version 9.1.0, GMP version 6.1.2, MPFR version 4.0.2, MPC version 1.1.0, isl version isl-0.21-GMP

warning: GMP header version 6.1.2 differs from library version 6.2.0.
GGC heuristics: --param ggc-min-expand=100 --param ggc-min-heapsize=131072
Compiler executable checksum: bf8382008bb9902a851c8bf576e850be
COMPILER_PATH=/usr/lib/gcc/x86_64-w64-mingw32/9.2.0/:/usr/lib/gcc/x86_64-w64-mingw32/9.2.0/:/usr/lib/gcc/x86_64-w64-mingw32/:/usr/lib/gcc/x86_64-w64-mingw32/9.2.0/:/usr/lib/gcc/x86_64-w64-mingw32/:/usr/lib/gcc/x86_64-w64-mingw32/9.2.0/../../../../x86_64-w64-mingw32/bin/
LIBRARY_PATH=/usr/lib/gcc/x86_64-w64-mingw32/9.2.0/:/usr/lib/gcc/x86_64-w64-mingw32/9.2.0/../../../../x86_64-w64-mingw32/lib/../lib/:/usr/lib/gcc/x86_64-w64-mingw32/9.2.0/../../../../x86_64-w64-mingw32/lib/
COLLECT_GCC_OPTIONS='-D' '_FORTIFY_SOURCE=2' '-O2' '-pipe' '-fno-plt' '-fexceptions' '--param' 'ssp-buffer-size=4' '-v' '-o' 'CMakeFiles/cmTC_7f784.dir/CMakeCCompilerABI.c.obj' '-c' '-mtune=generic' '-march=x86-64'
Linking C executable cmTC_7f784.exe
/usr/bin/cmake -E cmake_link_script CMakeFiles/cmTC_7f784.dir/link.txt --verbose=1
/usr/bin/cmake -E remove -f CMakeFiles/cmTC_7f784.dir/objects.a
/usr/bin/x86_64-w64-mingw32-ar cr CMakeFiles/cmTC_7f784.dir/objects.a @CMakeFiles/cmTC_7f784.dir/objects1.rsp
/usr/bin/x86_64-w64-mingw32-gcc -D_FORTIFY_SOURCE=2 -O2 -pipe -fno-plt -fexceptions --param=ssp-buffer-size=4   -Wl,-O1,--sort-common,--as-needed -fstack-protector -v -Wl,--whole-archive CMakeFiles/cmTC_7f784.dir/objects.a -Wl,--no-whole-archive  -o cmTC_7f784.exe -Wl,--out-implib,libcmTC_7f784.dll.a -Wl,--major-image-version,0,--minor-image-version,0 
Using built-in specs.
COLLECT_GCC=/usr/bin/x86_64-w64-mingw32-gcc
COLLECT_LTO_WRAPPER=/usr/lib/gcc/x86_64-w64-mingw32/9.2.0/lto-wrapper
Target: x86_64-w64-mingw32
Configured with: /home/scarlet/Projects/mingw-w64-builds/pkg/mingw-w64-gcc/src/gcc/configure --prefix=/usr --libexecdir=/usr/lib --target=x86_64-w64-mingw32 --enable-languages=c,lto,c++,objc,obj-c++,fortran,ada --enable-shared --enable-static --enable-threads=posix --enable-fully-dynamic-string --enable-libstdcxx-time=yes --enable-libstdcxx-filesystem-ts=yes --with-system-zlib --enable-cloog-backend=isl --enable-lto --disable-dw2-exceptions --enable-libgomp --disable-multilib --enable-checking=release
Thread model: posix
gcc version 9.2.0 (GCC) 
COMPILER_PATH=/usr/lib/gcc/x86_64-w64-mingw32/9.2.0/:/usr/lib/gcc/x86_64-w64-mingw32/9.2.0/:/usr/lib/gcc/x86_64-w64-mingw32/:/usr/lib/gcc/x86_64-w64-mingw32/9.2.0/:/usr/lib/gcc/x86_64-w64-mingw32/:/usr/lib/gcc/x86_64-w64-mingw32/9.2.0/../../../../x86_64-w64-mingw32/bin/
LIBRARY_PATH=/usr/lib/gcc/x86_64-w64-mingw32/9.2.0/:/usr/lib/gcc/x86_64-w64-mingw32/9.2.0/../../../../x86_64-w64-mingw32/lib/../lib/:/usr/lib/gcc/x86_64-w64-mingw32/9.2.0/../../../../x86_64-w64-mingw32/lib/
COLLECT_GCC_OPTIONS='-D' '_FORTIFY_SOURCE=2' '-O2' '-pipe' '-fno-plt' '-fexceptions' '--param' 'ssp-buffer-size=4' '-fstack-protector' '-v' '-o' 'cmTC_7f784.exe' '-mtune=generic' '-march=x86-64'
 /usr/lib/gcc/x86_64-w64-mingw32/9.2.0/collect2 -plugin /usr/lib/gcc/x86_64-w64-mingw32/9.2.0/liblto_plugin.so -plugin-opt=/usr/lib/gcc/x86_64-w64-mingw32/9.2.0/lto-wrapper -plugin-opt=-fresolution=/tmp/cc2FmJDm.res -plugin-opt=-pass-through=-lmingw32 -plugin-opt=-pass-through=-lgcc -plugin-opt=-pass-through=-lgcc_eh -plugin-opt=-pass-through=-lmoldname -plugin-opt=-pass-through=-lmingwex -plugin-opt=-pass-through=-lmsvcrt -plugin-opt=-pass-through=-lpthread -plugin-opt=-pass-through=-ladvapi32 -plugin-opt=-pass-through=-lshell32 -plugin-opt=-pass-through=-luser32 -plugin-opt=-pass-through=-lkernel32 -plugin-opt=-pass-through=-lmingw32 -plugin-opt=-pass-through=-lgcc -plugin-opt=-pass-through=-lgcc_eh -plugin-opt=-pass-through=-lmoldname -plugin-opt=-pass-through=-lmingwex -plugin-opt=-pass-through=-lmsvcrt -m i386pep -Bdynamic -o cmTC_7f784.exe /usr/lib/gcc/x86_64-w64-mingw32/9.2.0/../../../../x86_64-w64-mingw32/lib/../lib/crt2.o /usr/lib/gcc/x86_64-w64-mingw32/9.2.0/crtbegin.o -L/usr/lib/gcc/x86_64-w64-mingw32/9.2.0 -L/usr/lib/gcc/x86_64-w64-mingw32/9.2.0/../../../../x86_64-w64-mingw32/lib/../lib -L/usr/lib/gcc/x86_64-w64-mingw32/9.2.0/../../../../x86_64-w64-mingw32/lib -O1 --sort-common --as-needed --whole-archive CMakeFiles/cmTC_7f784.dir/objects.a --no-whole-archive --out-implib libcmTC_7f784.dll.a --major-image-version 0 --minor-image-version 0 -lssp_nonshared -lssp -lmingw32 -lgcc -lgcc_eh -lmoldname -lmingwex -lmsvcrt -lpthread -ladvapi32 -lshell32 -luser32 -lkernel32 -lmingw32 -lgcc -lgcc_eh -lmoldname -lmingwex -lmsvcrt /usr/lib/gcc/x86_64-w64-mingw32/9.2.0/crtend.o
COLLECT_GCC_OPTIONS='-D' '_FORTIFY_SOURCE=2' '-O2' '-pipe' '-fno-plt' '-fexceptions' '--param' 'ssp-buffer-size=4' '-fstack-protector' '-v' '-o' 'cmTC_7f784.exe' '-mtune=generic' '-march=x86-64'
make[1]: Leaving directory '/home/edu/ufabc/ic/microscopio/glviewer/build_win/CMakeFiles/CMakeTmp'



Parsed C implicit include dir info from above output: rv=done
  found start of include info
  found start of implicit include info
    add: [/usr/lib/gcc/x86_64-w64-mingw32/9.2.0/include]
    add: [/usr/lib/gcc/x86_64-w64-mingw32/9.2.0/include-fixed]
    add: [/usr/lib/gcc/x86_64-w64-mingw32/9.2.0/../../../../x86_64-w64-mingw32/include]
  end of search list found
  collapse include dir [/usr/lib/gcc/x86_64-w64-mingw32/9.2.0/include] ==> [/usr/lib/gcc/x86_64-w64-mingw32/9.2.0/include]
  collapse include dir [/usr/lib/gcc/x86_64-w64-mingw32/9.2.0/include-fixed] ==> [/usr/lib/gcc/x86_64-w64-mingw32/9.2.0/include-fixed]
  collapse include dir [/usr/lib/gcc/x86_64-w64-mingw32/9.2.0/../../../../x86_64-w64-mingw32/include] ==> [/usr/x86_64-w64-mingw32/include]
  implicit include dirs: [/usr/lib/gcc/x86_64-w64-mingw32/9.2.0/include;/usr/lib/gcc/x86_64-w64-mingw32/9.2.0/include-fixed;/usr/x86_64-w64-mingw32/include]


Parsed C implicit link information from above output:
  link line regex: [^( *|.*[/\])(x86_64-w64-mingw32-ld|CMAKE_LINK_STARTFILE-NOTFOUND|([^/\]+-)?ld|collect2)[^/\]*( |$)]
  ignore line: [Change Dir: /home/edu/ufabc/ic/microscopio/glviewer/build_win/CMakeFiles/CMakeTmp]
  ignore line: []
  ignore line: [Run Build Command(s):/usr/bin/make cmTC_7f784/fast && /usr/bin/make -f CMakeFiles/cmTC_7f784.dir/build.make CMakeFiles/cmTC_7f784.dir/build]
  ignore line: [make[1]: Entering directory '/home/edu/ufabc/ic/microscopio/glviewer/build_win/CMakeFiles/CMakeTmp']
  ignore line: [Building C object CMakeFiles/cmTC_7f784.dir/CMakeCCompilerABI.c.obj]
  ignore line: [/usr/bin/x86_64-w64-mingw32-gcc   -D_FORTIFY_SOURCE=2 -O2 -pipe -fno-plt -fexceptions --param=ssp-buffer-size=4    -v -o CMakeFiles/cmTC_7f784.dir/CMakeCCompilerABI.c.obj   -c /usr/share/cmake-3.16/Modules/CMakeCCompilerABI.c]
  ignore line: [Using built-in specs.]
  ignore line: [COLLECT_GCC=/usr/bin/x86_64-w64-mingw32-gcc]
  ignore line: [Target: x86_64-w64-mingw32]
  ignore line: [Configured with: /home/scarlet/Projects/mingw-w64-builds/pkg/mingw-w64-gcc/src/gcc/configure --prefix=/usr --libexecdir=/usr/lib --target=x86_64-w64-mingw32 --enable-languages=c lto c++ objc obj-c++ fortran ada --enable-shared --enable-static --enable-threads=posix --enable-fully-dynamic-string --enable-libstdcxx-time=yes --enable-libstdcxx-filesystem-ts=yes --with-system-zlib --enable-cloog-backend=isl --enable-lto --disable-dw2-exceptions --enable-libgomp --disable-multilib --enable-checking=release]
  ignore line: [Thread model: posix]
  ignore line: [gcc version 9.2.0 (GCC) ]
  ignore line: [COLLECT_GCC_OPTIONS='-D' '_FORTIFY_SOURCE=2' '-O2' '-pipe' '-fno-plt' '-fexceptions' '--param' 'ssp-buffer-size=4' '-v' '-o' 'CMakeFiles/cmTC_7f784.dir/CMakeCCompilerABI.c.obj' '-c' '-mtune=generic' '-march=x86-64']
  ignore line: [ /usr/lib/gcc/x86_64-w64-mingw32/9.2.0/cc1 -quiet -v -D_REENTRANT -D _FORTIFY_SOURCE=2 /usr/share/cmake-3.16/Modules/CMakeCCompilerABI.c -quiet -dumpbase CMakeCCompilerABI.c -mtune=generic -march=x86-64 -auxbase-strip CMakeFiles/cmTC_7f784.dir/CMakeCCompilerABI.c.obj -O2 -version -fno-plt -fexceptions --param ssp-buffer-size=4 -o - |]
  ignore line: [ /usr/lib/gcc/x86_64-w64-mingw32/9.2.0/../../../../x86_64-w64-mingw32/bin/as -v -o CMakeFiles/cmTC_7f784.dir/CMakeCCompilerABI.c.obj]
  ignore line: [GNU assembler version 2.34 (x86_64-w64-mingw32) using BFD version (GNU Binutils) 2.34]
  ignore line: [GNU C17 (GCC) version 9.2.0 (x86_64-w64-mingw32)]
  ignore line: [	compiled by GNU C version 9.1.0  GMP version 6.1.2  MPFR version 4.0.2  MPC version 1.1.0  isl version isl-0.21-GMP]
  ignore line: []
  ignore line: [warning: GMP header version 6.1.2 differs from library version 6.2.0.]
  ignore line: [GGC heuristics: --param ggc-min-expand=100 --param ggc-min-heapsize=131072]
  ignore line: [ignoring nonexistent directory "/usr/lib/gcc/x86_64-w64-mingw32/9.2.0/../../../../x86_64-w64-mingw32/sys-include"]
  ignore line: [#include "..." search starts here:]
  ignore line: [#include <...> search starts here:]
  ignore line: [ /usr/lib/gcc/x86_64-w64-mingw32/9.2.0/include]
  ignore line: [ /usr/lib/gcc/x86_64-w64-mingw32/9.2.0/include-fixed]
  ignore line: [ /usr/lib/gcc/x86_64-w64-mingw32/9.2.0/../../../../x86_64-w64-mingw32/include]
  ignore line: [End of search list.]
  ignore line: [GNU C17 (GCC) version 9.2.0 (x86_64-w64-mingw32)]
  ignore line: [	compiled by GNU C version 9.1.0  GMP version 6.1.2  MPFR version 4.0.2  MPC version 1.1.0  isl version isl-0.21-GMP]
  ignore line: []
  ignore line: [warning: GMP header version 6.1.2 differs from library version 6.2.0.]
  ignore line: [GGC heuristics: --param ggc-min-expand=100 --param ggc-min-heapsize=131072]
  ignore line: [Compiler executable checksum: bf8382008bb9902a851c8bf576e850be]
  ignore line: [COMPILER_PATH=/usr/lib/gcc/x86_64-w64-mingw32/9.2.0/:/usr/lib/gcc/x86_64-w64-mingw32/9.2.0/:/usr/lib/gcc/x86_64-w64-mingw32/:/usr/lib/gcc/x86_64-w64-mingw32/9.2.0/:/usr/lib/gcc/x86_64-w64-mingw32/:/usr/lib/gcc/x86_64-w64-mingw32/9.2.0/../../../../x86_64-w64-mingw32/bin/]
  ignore line: [LIBRARY_PATH=/usr/lib/gcc/x86_64-w64-mingw32/9.2.0/:/usr/lib/gcc/x86_64-w64-mingw32/9.2.0/../../../../x86_64-w64-mingw32/lib/../lib/:/usr/lib/gcc/x86_64-w64-mingw32/9.2.0/../../../../x86_64-w64-mingw32/lib/]
  ignore line: [COLLECT_GCC_OPTIONS='-D' '_FORTIFY_SOURCE=2' '-O2' '-pipe' '-fno-plt' '-fexceptions' '--param' 'ssp-buffer-size=4' '-v' '-o' 'CMakeFiles/cmTC_7f784.dir/CMakeCCompilerABI.c.obj' '-c' '-mtune=generic' '-march=x86-64']
  ignore line: [Linking C executable cmTC_7f784.exe]
  ignore line: [/usr/bin/cmake -E cmake_link_script CMakeFiles/cmTC_7f784.dir/link.txt --verbose=1]
  ignore line: [/usr/bin/cmake -E remove -f CMakeFiles/cmTC_7f784.dir/objects.a]
  ignore line: [/usr/bin/x86_64-w64-mingw32-ar cr CMakeFiles/cmTC_7f784.dir/objects.a @CMakeFiles/cmTC_7f784.dir/objects1.rsp]
  ignore line: [/usr/bin/x86_64-w64-mingw32-gcc -D_FORTIFY_SOURCE=2 -O2 -pipe -fno-plt -fexceptions --param=ssp-buffer-size=4   -Wl -O1 --sort-common --as-needed -fstack-protector -v -Wl --whole-archive CMakeFiles/cmTC_7f784.dir/objects.a -Wl --no-whole-archive  -o cmTC_7f784.exe -Wl --out-implib libcmTC_7f784.dll.a -Wl --major-image-version 0 --minor-image-version 0 ]
  ignore line: [Using built-in specs.]
  ignore line: [COLLECT_GCC=/usr/bin/x86_64-w64-mingw32-gcc]
  ignore line: [COLLECT_LTO_WRAPPER=/usr/lib/gcc/x86_64-w64-mingw32/9.2.0/lto-wrapper]
  ignore line: [Target: x86_64-w64-mingw32]
  ignore line: [Configured with: /home/scarlet/Projects/mingw-w64-builds/pkg/mingw-w64-gcc/src/gcc/configure --prefix=/usr --libexecdir=/usr/lib --target=x86_64-w64-mingw32 --enable-languages=c lto c++ objc obj-c++ fortran ada --enable-shared --enable-static --enable-threads=posix --enable-fully-dynamic-string --enable-libstdcxx-time=yes --enable-libstdcxx-filesystem-ts=yes --with-system-zlib --enable-cloog-backend=isl --enable-lto --disable-dw2-exceptions --enable-libgomp --disable-multilib --enable-checking=release]
  ignore line: [Thread model: posix]
  ignore line: [gcc version 9.2.0 (GCC) ]
  ignore line: [COMPILER_PATH=/usr/lib/gcc/x86_64-w64-mingw32/9.2.0/:/usr/lib/gcc/x86_64-w64-mingw32/9.2.0/:/usr/lib/gcc/x86_64-w64-mingw32/:/usr/lib/gcc/x86_64-w64-mingw32/9.2.0/:/usr/lib/gcc/x86_64-w64-mingw32/:/usr/lib/gcc/x86_64-w64-mingw32/9.2.0/../../../../x86_64-w64-mingw32/bin/]
  ignore line: [LIBRARY_PATH=/usr/lib/gcc/x86_64-w64-mingw32/9.2.0/:/usr/lib/gcc/x86_64-w64-mingw32/9.2.0/../../../../x86_64-w64-mingw32/lib/../lib/:/usr/lib/gcc/x86_64-w64-mingw32/9.2.0/../../../../x86_64-w64-mingw32/lib/]
  ignore line: [COLLECT_GCC_OPTIONS='-D' '_FORTIFY_SOURCE=2' '-O2' '-pipe' '-fno-plt' '-fexceptions' '--param' 'ssp-buffer-size=4' '-fstack-protector' '-v' '-o' 'cmTC_7f784.exe' '-mtune=generic' '-march=x86-64']
  link line: [ /usr/lib/gcc/x86_64-w64-mingw32/9.2.0/collect2 -plugin /usr/lib/gcc/x86_64-w64-mingw32/9.2.0/liblto_plugin.so -plugin-opt=/usr/lib/gcc/x86_64-w64-mingw32/9.2.0/lto-wrapper -plugin-opt=-fresolution=/tmp/cc2FmJDm.res -plugin-opt=-pass-through=-lmingw32 -plugin-opt=-pass-through=-lgcc -plugin-opt=-pass-through=-lgcc_eh -plugin-opt=-pass-through=-lmoldname -plugin-opt=-pass-through=-lmingwex -plugin-opt=-pass-through=-lmsvcrt -plugin-opt=-pass-through=-lpthread -plugin-opt=-pass-through=-ladvapi32 -plugin-opt=-pass-through=-lshell32 -plugin-opt=-pass-through=-luser32 -plugin-opt=-pass-through=-lkernel32 -plugin-opt=-pass-through=-lmingw32 -plugin-opt=-pass-through=-lgcc -plugin-opt=-pass-through=-lgcc_eh -plugin-opt=-pass-through=-lmoldname -plugin-opt=-pass-through=-lmingwex -plugin-opt=-pass-through=-lmsvcrt -m i386pep -Bdynamic -o cmTC_7f784.exe /usr/lib/gcc/x86_64-w64-mingw32/9.2.0/../../../../x86_64-w64-mingw32/lib/../lib/crt2.o /usr/lib/gcc/x86_64-w64-mingw32/9.2.0/crtbegin.o -L/usr/lib/gcc/x86_64-w64-mingw32/9.2.0 -L/usr/lib/gcc/x86_64-w64-mingw32/9.2.0/../../../../x86_64-w64-mingw32/lib/../lib -L/usr/lib/gcc/x86_64-w64-mingw32/9.2.0/../../../../x86_64-w64-mingw32/lib -O1 --sort-common --as-needed --whole-archive CMakeFiles/cmTC_7f784.dir/objects.a --no-whole-archive --out-implib libcmTC_7f784.dll.a --major-image-version 0 --minor-image-version 0 -lssp_nonshared -lssp -lmingw32 -lgcc -lgcc_eh -lmoldname -lmingwex -lmsvcrt -lpthread -ladvapi32 -lshell32 -luser32 -lkernel32 -lmingw32 -lgcc -lgcc_eh -lmoldname -lmingwex -lmsvcrt /usr/lib/gcc/x86_64-w64-mingw32/9.2.0/crtend.o]
    arg [/usr/lib/gcc/x86_64-w64-mingw32/9.2.0/collect2] ==> ignore
    arg [-plugin] ==> ignore
    arg [/usr/lib/gcc/x86_64-w64-mingw32/9.2.0/liblto_plugin.so] ==> ignore
    arg [-plugin-opt=/usr/lib/gcc/x86_64-w64-mingw32/9.2.0/lto-wrapper] ==> ignore
    arg [-plugin-opt=-fresolution=/tmp/cc2FmJDm.res] ==> ignore
    arg [-plugin-opt=-pass-through=-lmingw32] ==> ignore
    arg [-plugin-opt=-pass-through=-lgcc] ==> ignore
    arg [-plugin-opt=-pass-through=-lgcc_eh] ==> ignore
    arg [-plugin-opt=-pass-through=-lmoldname] ==> ignore
    arg [-plugin-opt=-pass-through=-lmingwex] ==> ignore
    arg [-plugin-opt=-pass-through=-lmsvcrt] ==> ignore
    arg [-plugin-opt=-pass-through=-lpthread] ==> ignore
    arg [-plugin-opt=-pass-through=-ladvapi32] ==> ignore
    arg [-plugin-opt=-pass-through=-lshell32] ==> ignore
    arg [-plugin-opt=-pass-through=-luser32] ==> ignore
    arg [-plugin-opt=-pass-through=-lkernel32] ==> ignore
    arg [-plugin-opt=-pass-through=-lmingw32] ==> ignore
    arg [-plugin-opt=-pass-through=-lgcc] ==> ignore
    arg [-plugin-opt=-pass-through=-lgcc_eh] ==> ignore
    arg [-plugin-opt=-pass-through=-lmoldname] ==> ignore
    arg [-plugin-opt=-pass-through=-lmingwex] ==> ignore
    arg [-plugin-opt=-pass-through=-lmsvcrt] ==> ignore
    arg [-m] ==> ignore
    arg [i386pep] ==> ignore
    arg [-Bdynamic] ==> ignore
    arg [-o] ==> ignore
    arg [cmTC_7f784.exe] ==> ignore
    arg [/usr/lib/gcc/x86_64-w64-mingw32/9.2.0/../../../../x86_64-w64-mingw32/lib/../lib/crt2.o] ==> ignore
    arg [/usr/lib/gcc/x86_64-w64-mingw32/9.2.0/crtbegin.o] ==> ignore
    arg [-L/usr/lib/gcc/x86_64-w64-mingw32/9.2.0] ==> dir [/usr/lib/gcc/x86_64-w64-mingw32/9.2.0]
    arg [-L/usr/lib/gcc/x86_64-w64-mingw32/9.2.0/../../../../x86_64-w64-mingw32/lib/../lib] ==> dir [/usr/lib/gcc/x86_64-w64-mingw32/9.2.0/../../../../x86_64-w64-mingw32/lib/../lib]
    arg [-L/usr/lib/gcc/x86_64-w64-mingw32/9.2.0/../../../../x86_64-w64-mingw32/lib] ==> dir [/usr/lib/gcc/x86_64-w64-mingw32/9.2.0/../../../../x86_64-w64-mingw32/lib]
    arg [-O1] ==> ignore
    arg [--sort-common] ==> ignore
    arg [--as-needed] ==> ignore
    arg [--whole-archive] ==> ignore
    arg [CMakeFiles/cmTC_7f784.dir/objects.a] ==> ignore
    arg [--no-whole-archive] ==> ignore
    arg [--out-implib] ==> ignore
    arg [libcmTC_7f784.dll.a] ==> ignore
    arg [--major-image-version] ==> ignore
    arg [0] ==> ignore
    arg [--minor-image-version] ==> ignore
    arg [0] ==> ignore
    arg [-lssp_nonshared] ==> lib [ssp_nonshared]
    arg [-lssp] ==> lib [ssp]
    arg [-lmingw32] ==> lib [mingw32]
    arg [-lgcc] ==> lib [gcc]
    arg [-lgcc_eh] ==> lib [gcc_eh]
    arg [-lmoldname] ==> lib [moldname]
    arg [-lmingwex] ==> lib [mingwex]
    arg [-lmsvcrt] ==> lib [msvcrt]
    arg [-lpthread] ==> lib [pthread]
    arg [-ladvapi32] ==> lib [advapi32]
    arg [-lshell32] ==> lib [shell32]
    arg [-luser32] ==> lib [user32]
    arg [-lkernel32] ==> lib [kernel32]
    arg [-lmingw32] ==> lib [mingw32]
    arg [-lgcc] ==> lib [gcc]
    arg [-lgcc_eh] ==> lib [gcc_eh]
    arg [-lmoldname] ==> lib [moldname]
    arg [-lmingwex] ==> lib [mingwex]
    arg [-lmsvcrt] ==> lib [msvcrt]
    arg [/usr/lib/gcc/x86_64-w64-mingw32/9.2.0/crtend.o] ==> ignore
  remove lib [gcc_eh]
  remove lib [msvcrt]
  remove lib [gcc_eh]
  remove lib [msvcrt]
  collapse library dir [/usr/lib/gcc/x86_64-w64-mingw32/9.2.0] ==> [/usr/lib/gcc/x86_64-w64-mingw32/9.2.0]
  collapse library dir [/usr/lib/gcc/x86_64-w64-mingw32/9.2.0/../../../../x86_64-w64-mingw32/lib/../lib] ==> [/usr/x86_64-w64-mingw32/lib]
  collapse library dir [/usr/lib/gcc/x86_64-w64-mingw32/9.2.0/../../../../x86_64-w64-mingw32/lib] ==> [/usr/x86_64-w64-mingw32/lib]
  implicit libs: [ssp_nonshared;ssp;mingw32;gcc;moldname;mingwex;pthread;advapi32;shell32;user32;kernel32;mingw32;gcc;moldname;mingwex]
  implicit dirs: [/usr/lib/gcc/x86_64-w64-mingw32/9.2.0;/usr/x86_64-w64-mingw32/lib]
  implicit fwks: []


Determining if the CXX compiler works passed with the following output:
Change Dir: /home/edu/ufabc/ic/microscopio/glviewer/build_win/CMakeFiles/CMakeTmp

Run Build Command(s):/usr/bin/make cmTC_0e440/fast && /usr/bin/make -f CMakeFiles/cmTC_0e440.dir/build.make CMakeFiles/cmTC_0e440.dir/build
make[1]: Entrando no diret贸rio '/home/edu/ufabc/ic/microscopio/glviewer/build_win/CMakeFiles/CMakeTmp'

Building CXX object CMakeFiles/cmTC_0e440.dir/testCXXCompiler.cxx.obj
/usr/bin/x86_64-w64-mingw32-g++    -D_FORTIFY_SOURCE=2 -O2 -pipe -fno-plt -fexceptions --param=ssp-buffer-size=4    -o CMakeFiles/cmTC_0e440.dir/testCXXCompiler.cxx.obj -c /home/edu/ufabc/ic/microscopio/glviewer/build_win/CMakeFiles/CMakeTmp/testCXXCompiler.cxx
Linking CXX executable cmTC_0e440.exe
/usr/bin/cmake -E cmake_link_script CMakeFiles/cmTC_0e440.dir/link.txt --verbose=1
/usr/bin/cmake -E remove -f CMakeFiles/cmTC_0e440.dir/objects.a
/usr/bin/x86_64-w64-mingw32-ar cr CMakeFiles/cmTC_0e440.dir/objects.a @CMakeFiles/cmTC_0e440.dir/objects1.rsp
/usr/bin/x86_64-w64-mingw32-g++ -D_FORTIFY_SOURCE=2 -O2 -pipe -fno-plt -fexceptions --param=ssp-buffer-size=4   -Wl,-O1,--sort-common,--as-needed -fstack-protector  -Wl,--whole-archive CMakeFiles/cmTC_0e440.dir/objects.a -Wl,--no-whole-archive  -o cmTC_0e440.exe -Wl,--out-implib,libcmTC_0e440.dll.a -Wl,--major-image-version,0,--minor-image-version,0 @CMakeFiles/cmTC_0e440.dir/linklibs.rsp
make[1]: Saindo do diret贸rio '/home/edu/ufabc/ic/microscopio/glviewer/build_win/CMakeFiles/CMakeTmp'




Detecting CXX compiler ABI info compiled with the following output:
Change Dir: /home/edu/ufabc/ic/microscopio/glviewer/build_win/CMakeFiles/CMakeTmp

Run Build Command(s):/usr/bin/make cmTC_7616d/fast && /usr/bin/make -f CMakeFiles/cmTC_7616d.dir/build.make CMakeFiles/cmTC_7616d.dir/build
make[1]: Entering directory '/home/edu/ufabc/ic/microscopio/glviewer/build_win/CMakeFiles/CMakeTmp'
Building CXX object CMakeFiles/cmTC_7616d.dir/CMakeCXXCompilerABI.cpp.obj
/usr/bin/x86_64-w64-mingw32-g++    -D_FORTIFY_SOURCE=2 -O2 -pipe -fno-plt -fexceptions --param=ssp-buffer-size=4    -v -o CMakeFiles/cmTC_7616d.dir/CMakeCXXCompilerABI.cpp.obj -c /usr/share/cmake-3.16/Modules/CMakeCXXCompilerABI.cpp
Using built-in specs.
COLLECT_GCC=/usr/bin/x86_64-w64-mingw32-g++
Target: x86_64-w64-mingw32
Configured with: /home/scarlet/Projects/mingw-w64-builds/pkg/mingw-w64-gcc/src/gcc/configure --prefix=/usr --libexecdir=/usr/lib --target=x86_64-w64-mingw32 --enable-languages=c,lto,c++,objc,obj-c++,fortran,ada --enable-shared --enable-static --enable-threads=posix --enable-fully-dynamic-string --enable-libstdcxx-time=yes --enable-libstdcxx-filesystem-ts=yes --with-system-zlib --enable-cloog-backend=isl --enable-lto --disable-dw2-exceptions --enable-libgomp --disable-multilib --enable-checking=release
Thread model: posix
gcc version 9.2.0 (GCC) 
COLLECT_GCC_OPTIONS='-D' '_FORTIFY_SOURCE=2' '-O2' '-pipe' '-fno-plt' '-fexceptions' '--param' 'ssp-buffer-size=4' '-v' '-o' 'CMakeFiles/cmTC_7616d.dir/CMakeCXXCompilerABI.cpp.obj' '-c' '-shared-libgcc' '-mtune=generic' '-march=x86-64'
 /usr/lib/gcc/x86_64-w64-mingw32/9.2.0/cc1plus -quiet -v -D_REENTRANT -D _FORTIFY_SOURCE=2 /usr/share/cmake-3.16/Modules/CMakeCXXCompilerABI.cpp -quiet -dumpbase CMakeCXXCompilerABI.cpp -mtune=generic -march=x86-64 -auxbase-strip CMakeFiles/cmTC_7616d.dir/CMakeCXXCompilerABI.cpp.obj -O2 -version -fno-plt -fexceptions --param ssp-buffer-size=4 -o - |
 /usr/lib/gcc/x86_64-w64-mingw32/9.2.0/../../../../x86_64-w64-mingw32/bin/as -v -o CMakeFiles/cmTC_7616d.dir/CMakeCXXCompilerABI.cpp.obj
GNU assembler version 2.34 (x86_64-w64-mingw32) using BFD version (GNU Binutils) 2.34
GNU C++14 (GCC) version 9.2.0 (x86_64-w64-mingw32)
	compiled by GNU C version 9.1.0, GMP version 6.1.2, MPFR version 4.0.2, MPC version 1.1.0, isl version isl-0.21-GMP

warning: GMP header version 6.1.2 differs from library version 6.2.0.
GGC heuristics: --param ggc-min-expand=100 --param ggc-min-heapsize=131072
ignoring nonexistent directory "/usr/lib/gcc/x86_64-w64-mingw32/9.2.0/../../../../x86_64-w64-mingw32/sys-include"
#include "..." search starts here:
#include <...> search starts here:
 /usr/lib/gcc/x86_64-w64-mingw32/9.2.0/../../../../x86_64-w64-mingw32/include/c++/9.2.0
 /usr/lib/gcc/x86_64-w64-mingw32/9.2.0/../../../../x86_64-w64-mingw32/include/c++/9.2.0/x86_64-w64-mingw32
 /usr/lib/gcc/x86_64-w64-mingw32/9.2.0/../../../../x86_64-w64-mingw32/include/c++/9.2.0/backward
 /usr/lib/gcc/x86_64-w64-mingw32/9.2.0/include
 /usr/lib/gcc/x86_64-w64-mingw32/9.2.0/include-fixed
 /usr/lib/gcc/x86_64-w64-mingw32/9.2.0/../../../../x86_64-w64-mingw32/include
End of search list.
GNU C++14 (GCC) version 9.2.0 (x86_64-w64-mingw32)
	compiled by GNU C version 9.1.0, GMP version 6.1.2, MPFR version 4.0.2, MPC version 1.1.0, isl version isl-0.21-GMP

warning: GMP header version 6.1.2 differs from library version 6.2.0.
GGC heuristics: --param ggc-min-expand=100 --param ggc-min-heapsize=131072
Compiler executable checksum: 91d45cc67ef8ff7a4923d6df75f8ba39
COMPILER_PATH=/usr/lib/gcc/x86_64-w64-mingw32/9.2.0/:/usr/lib/gcc/x86_64-w64-mingw32/9.2.0/:/usr/lib/gcc/x86_64-w64-mingw32/:/usr/lib/gcc/x86_64-w64-mingw32/9.2.0/:/usr/lib/gcc/x86_64-w64-mingw32/:/usr/lib/gcc/x86_64-w64-mingw32/9.2.0/../../../../x86_64-w64-mingw32/bin/
LIBRARY_PATH=/usr/lib/gcc/x86_64-w64-mingw32/9.2.0/:/usr/lib/gcc/x86_64-w64-mingw32/9.2.0/../../../../x86_64-w64-mingw32/lib/../lib/:/usr/lib/gcc/x86_64-w64-mingw32/9.2.0/../../../../x86_64-w64-mingw32/lib/
COLLECT_GCC_OPTIONS='-D' '_FORTIFY_SOURCE=2' '-O2' '-pipe' '-fno-plt' '-fexceptions' '--param' 'ssp-buffer-size=4' '-v' '-o' 'CMakeFiles/cmTC_7616d.dir/CMakeCXXCompilerABI.cpp.obj' '-c' '-shared-libgcc' '-mtune=generic' '-march=x86-64'
Linking CXX executable cmTC_7616d.exe
/usr/bin/cmake -E cmake_link_script CMakeFiles/cmTC_7616d.dir/link.txt --verbose=1
/usr/bin/cmake -E remove -f CMakeFiles/cmTC_7616d.dir/objects.a
/usr/bin/x86_64-w64-mingw32-ar cr CMakeFiles/cmTC_7616d.dir/objects.a @CMakeFiles/cmTC_7616d.dir/objects1.rsp
/usr/bin/x86_64-w64-mingw32-g++ -D_FORTIFY_SOURCE=2 -O2 -pipe -fno-plt -fexceptions --param=ssp-buffer-size=4   -Wl,-O1,--sort-common,--as-needed -fstack-protector -v -Wl,--whole-archive CMakeFiles/cmTC_7616d.dir/objects.a -Wl,--no-whole-archive  -o cmTC_7616d.exe -Wl,--out-implib,libcmTC_7616d.dll.a -Wl,--major-image-version,0,--minor-image-version,0 
Using built-in specs.
COLLECT_GCC=/usr/bin/x86_64-w64-mingw32-g++
COLLECT_LTO_WRAPPER=/usr/lib/gcc/x86_64-w64-mingw32/9.2.0/lto-wrapper
Target: x86_64-w64-mingw32
Configured with: /home/scarlet/Projects/mingw-w64-builds/pkg/mingw-w64-gcc/src/gcc/configure --prefix=/usr --libexecdir=/usr/lib --target=x86_64-w64-mingw32 --enable-languages=c,lto,c++,objc,obj-c++,fortran,ada --enable-shared --enable-static --enable-threads=posix --enable-fully-dynamic-string --enable-libstdcxx-time=yes --enable-libstdcxx-filesystem-ts=yes --with-system-zlib --enable-cloog-backend=isl --enable-lto --disable-dw2-exceptions --enable-libgomp --disable-multilib --enable-checking=release
Thread model: posix
gcc version 9.2.0 (GCC) 
COMPILER_PATH=/usr/lib/gcc/x86_64-w64-mingw32/9.2.0/:/usr/lib/gcc/x86_64-w64-mingw32/9.2.0/:/usr/lib/gcc/x86_64-w64-mingw32/:/usr/lib/gcc/x86_64-w64-mingw32/9.2.0/:/usr/lib/gcc/x86_64-w64-mingw32/:/usr/lib/gcc/x86_64-w64-mingw32/9.2.0/../../../../x86_64-w64-mingw32/bin/
LIBRARY_PATH=/usr/lib/gcc/x86_64-w64-mingw32/9.2.0/:/usr/lib/gcc/x86_64-w64-mingw32/9.2.0/../../../../x86_64-w64-mingw32/lib/../lib/:/usr/lib/gcc/x86_64-w64-mingw32/9.2.0/../../../../x86_64-w64-mingw32/lib/
COLLECT_GCC_OPTIONS='-D' '_FORTIFY_SOURCE=2' '-O2' '-pipe' '-fno-plt' '-fexceptions' '--param' 'ssp-buffer-size=4' '-fstack-protector' '-v' '-o' 'cmTC_7616d.exe' '-shared-libgcc' '-mtune=generic' '-march=x86-64'
 /usr/lib/gcc/x86_64-w64-mingw32/9.2.0/collect2 -plugin /usr/lib/gcc/x86_64-w64-mingw32/9.2.0/liblto_plugin.so -plugin-opt=/usr/lib/gcc/x86_64-w64-mingw32/9.2.0/lto-wrapper -plugin-opt=-fresolution=/tmp/ccFh76yX.res -plugin-opt=-pass-through=-lmingw32 -plugin-opt=-pass-through=-lgcc_s -plugin-opt=-pass-through=-lgcc -plugin-opt=-pass-through=-lmoldname -plugin-opt=-pass-through=-lmingwex -plugin-opt=-pass-through=-lmsvcrt -plugin-opt=-pass-through=-lpthread -plugin-opt=-pass-through=-ladvapi32 -plugin-opt=-pass-through=-lshell32 -plugin-opt=-pass-through=-luser32 -plugin-opt=-pass-through=-lkernel32 -plugin-opt=-pass-through=-lmingw32 -plugin-opt=-pass-through=-lgcc_s -plugin-opt=-pass-through=-lgcc -plugin-opt=-pass-through=-lmoldname -plugin-opt=-pass-through=-lmingwex -plugin-opt=-pass-through=-lmsvcrt -m i386pep -Bdynamic -o cmTC_7616d.exe /usr/lib/gcc/x86_64-w64-mingw32/9.2.0/../../../../x86_64-w64-mingw32/lib/../lib/crt2.o /usr/lib/gcc/x86_64-w64-mingw32/9.2.0/crtbegin.o -L/usr/lib/gcc/x86_64-w64-mingw32/9.2.0 -L/usr/lib/gcc/x86_64-w64-mingw32/9.2.0/../../../../x86_64-w64-mingw32/lib/../lib -L/usr/lib/gcc/x86_64-w64-mingw32/9.2.0/../../../../x86_64-w64-mingw32/lib -O1 --sort-common --as-needed --whole-archive CMakeFiles/cmTC_7616d.dir/objects.a --no-whole-archive --out-implib libcmTC_7616d.dll.a --major-image-version 0 --minor-image-version 0 -lstdc++ -lssp_nonshared -lssp -lmingw32 -lgcc_s -lgcc -lmoldname -lmingwex -lmsvcrt -lpthread -ladvapi32 -lshell32 -luser32 -lkernel32 -lmingw32 -lgcc_s -lgcc -lmoldname -lmingwex -lmsvcrt /usr/lib/gcc/x86_64-w64-mingw32/9.2.0/crtend.o
COLLECT_GCC_OPTIONS='-D' '_FORTIFY_SOURCE=2' '-O2' '-pipe' '-fno-plt' '-fexceptions' '--param' 'ssp-buffer-size=4' '-fstack-protector' '-v' '-o' 'cmTC_7616d.exe' '-shared-libgcc' '-mtune=generic' '-march=x86-64'
make[1]: Leaving directory '/home/edu/ufabc/ic/microscopio/glviewer/build_win/CMakeFiles/CMakeTmp'



Parsed CXX implicit include dir info from above output: rv=done
  found start of include info
  found start of implicit include info
    add: [/usr/lib/gcc/x86_64-w64-mingw32/9.2.0/../../../../x86_64-w64-mingw32/include/c++/9.2.0]
    add: [/usr/lib/gcc/x86_64-w64-mingw32/9.2.0/../../../../x86_64-w64-mingw32/include/c++/9.2.0/x86_64-w64-mingw32]
    add: [/usr/lib/gcc/x86_64-w64-mingw32/9.2.0/../../../../x86_64-w64-mingw32/include/c++/9.2.0/backward]
    add: [/usr/lib/gcc/x86_64-w64-mingw32/9.2.0/include]
    add: [/usr/lib/gcc/x86_64-w64-mingw32/9.2.0/include-fixed]
    add: [/usr/lib/gcc/x86_64-w64-mingw32/9.2.0/../../../../x86_64-w64-mingw32/include]
  end of search list found
  collapse include dir [/usr/lib/gcc/x86_64-w64-mingw32/9.2.0/../../../../x86_64-w64-mingw32/include/c++/9.2.0] ==> [/usr/x86_64-w64-mingw32/include/c++/9.2.0]
  collapse include dir [/usr/lib/gcc/x86_64-w64-mingw32/9.2.0/../../../../x86_64-w64-mingw32/include/c++/9.2.0/x86_64-w64-mingw32] ==> [/usr/x86_64-w64-mingw32/include/c++/9.2.0/x86_64-w64-mingw32]
  collapse include dir [/usr/lib/gcc/x86_64-w64-mingw32/9.2.0/../../../../x86_64-w64-mingw32/include/c++/9.2.0/backward] ==> [/usr/x86_64-w64-mingw32/include/c++/9.2.0/backward]
  collapse include dir [/usr/lib/gcc/x86_64-w64-mingw32/9.2.0/include] ==> [/usr/lib/gcc/x86_64-w64-mingw32/9.2.0/include]
  collapse include dir [/usr/lib/gcc/x86_64-w64-mingw32/9.2.0/include-fixed] ==> [/usr/lib/gcc/x86_64-w64-mingw32/9.2.0/include-fixed]
  collapse include dir [/usr/lib/gcc/x86_64-w64-mingw32/9.2.0/../../../../x86_64-w64-mingw32/include] ==> [/usr/x86_64-w64-mingw32/include]
  implicit include dirs: [/usr/x86_64-w64-mingw32/include/c++/9.2.0;/usr/x86_64-w64-mingw32/include/c++/9.2.0/x86_64-w64-mingw32;/usr/x86_64-w64-mingw32/include/c++/9.2.0/backward;/usr/lib/gcc/x86_64-w64-mingw32/9.2.0/include;/usr/lib/gcc/x86_64-w64-mingw32/9.2.0/include-fixed;/usr/x86_64-w64-mingw32/include]


Parsed CXX implicit link information from above output:
  link line regex: [^( *|.*[/\])(x86_64-w64-mingw32-ld|CMAKE_LINK_STARTFILE-NOTFOUND|([^/\]+-)?ld|collect2)[^/\]*( |$)]
  ignore line: [Change Dir: /home/edu/ufabc/ic/microscopio/glviewer/build_win/CMakeFiles/CMakeTmp]
  ignore line: []
  ignore line: [Run Build Command(s):/usr/bin/make cmTC_7616d/fast && /usr/bin/make -f CMakeFiles/cmTC_7616d.dir/build.make CMakeFiles/cmTC_7616d.dir/build]
  ignore line: [make[1]: Entering directory '/home/edu/ufabc/ic/microscopio/glviewer/build_win/CMakeFiles/CMakeTmp']
  ignore line: [Building CXX object CMakeFiles/cmTC_7616d.dir/CMakeCXXCompilerABI.cpp.obj]
  ignore line: [/usr/bin/x86_64-w64-mingw32-g++    -D_FORTIFY_SOURCE=2 -O2 -pipe -fno-plt -fexceptions --param=ssp-buffer-size=4    -v -o CMakeFiles/cmTC_7616d.dir/CMakeCXXCompilerABI.cpp.obj -c /usr/share/cmake-3.16/Modules/CMakeCXXCompilerABI.cpp]
  ignore line: [Using built-in specs.]
  ignore line: [COLLECT_GCC=/usr/bin/x86_64-w64-mingw32-g++]
  ignore line: [Target: x86_64-w64-mingw32]
  ignore line: [Configured with: /home/scarlet/Projects/mingw-w64-builds/pkg/mingw-w64-gcc/src/gcc/configure --prefix=/usr --libexecdir=/usr/lib --target=x86_64-w64-mingw32 --enable-languages=c lto c++ objc obj-c++ fortran ada --enable-shared --enable-static --enable-threads=posix --enable-fully-dynamic-string --enable-libstdcxx-time=yes --enable-libstdcxx-filesystem-ts=yes --with-system-zlib --enable-cloog-backend=isl --enable-lto --disable-dw2-exceptions --enable-libgomp --disable-multilib --enable-checking=release]
  ignore line: [Thread model: posix]
  ignore line: [gcc version 9.2.0 (GCC) ]
  ignore line: [COLLECT_GCC_OPTIONS='-D' '_FORTIFY_SOURCE=2' '-O2' '-pipe' '-fno-plt' '-fexceptions' '--param' 'ssp-buffer-size=4' '-v' '-o' 'CMakeFiles/cmTC_7616d.dir/CMakeCXXCompilerABI.cpp.obj' '-c' '-shared-libgcc' '-mtune=generic' '-march=x86-64']
  ignore line: [ /usr/lib/gcc/x86_64-w64-mingw32/9.2.0/cc1plus -quiet -v -D_REENTRANT -D _FORTIFY_SOURCE=2 /usr/share/cmake-3.16/Modules/CMakeCXXCompilerABI.cpp -quiet -dumpbase CMakeCXXCompilerABI.cpp -mtune=generic -march=x86-64 -auxbase-strip CMakeFiles/cmTC_7616d.dir/CMakeCXXCompilerABI.cpp.obj -O2 -version -fno-plt -fexceptions --param ssp-buffer-size=4 -o - |]
  ignore line: [ /usr/lib/gcc/x86_64-w64-mingw32/9.2.0/../../../../x86_64-w64-mingw32/bin/as -v -o CMakeFiles/cmTC_7616d.dir/CMakeCXXCompilerABI.cpp.obj]
  ignore line: [GNU assembler version 2.34 (x86_64-w64-mingw32) using BFD version (GNU Binutils) 2.34]
  ignore line: [GNU C++14 (GCC) version 9.2.0 (x86_64-w64-mingw32)]
  ignore line: [	compiled by GNU C version 9.1.0  GMP version 6.1.2  MPFR version 4.0.2  MPC version 1.1.0  isl version isl-0.21-GMP]
  ignore line: []
  ignore line: [warning: GMP header version 6.1.2 differs from library version 6.2.0.]
  ignore line: [GGC heuristics: --param ggc-min-expand=100 --param ggc-min-heapsize=131072]
  ignore line: [ignoring nonexistent directory "/usr/lib/gcc/x86_64-w64-mingw32/9.2.0/../../../../x86_64-w64-mingw32/sys-include"]
  ignore line: [#include "..." search starts here:]
  ignore line: [#include <...> search starts here:]
  ignore line: [ /usr/lib/gcc/x86_64-w64-mingw32/9.2.0/../../../../x86_64-w64-mingw32/include/c++/9.2.0]
  ignore line: [ /usr/lib/gcc/x86_64-w64-mingw32/9.2.0/../../../../x86_64-w64-mingw32/include/c++/9.2.0/x86_64-w64-mingw32]
  ignore line: [ /usr/lib/gcc/x86_64-w64-mingw32/9.2.0/../../../../x86_64-w64-mingw32/include/c++/9.2.0/backward]
  ignore line: [ /usr/lib/gcc/x86_64-w64-mingw32/9.2.0/include]
  ignore line: [ /usr/lib/gcc/x86_64-w64-mingw32/9.2.0/include-fixed]
  ignore line: [ /usr/lib/gcc/x86_64-w64-mingw32/9.2.0/../../../../x86_64-w64-mingw32/include]
  ignore line: [End of search list.]
  ignore line: [GNU C++14 (GCC) version 9.2.0 (x86_64-w64-mingw32)]
  ignore line: [	compiled by GNU C version 9.1.0  GMP version 6.1.2  MPFR version 4.0.2  MPC version 1.1.0  isl version isl-0.21-GMP]
  ignore line: []
  ignore line: [warning: GMP header version 6.1.2 differs from library version 6.2.0.]
  ignore line: [GGC heuristics: --param ggc-min-expand=100 --param ggc-min-heapsize=131072]
  ignore line: [Compiler executable checksum: 91d45cc67ef8ff7a4923d6df75f8ba39]
  ignore line: [COMPILER_PATH=/usr/lib/gcc/x86_64-w64-mingw32/9.2.0/:/usr/lib/gcc/x86_64-w64-mingw32/9.2.0/:/usr/lib/gcc/x86_64-w64-mingw32/:/usr/lib/gcc/x86_64-w64-mingw32/9.2.0/:/usr/lib/gcc/x86_64-w64-mingw32/:/usr/lib/gcc/x86_64-w64-mingw32/9.2.0/../../../../x86_64-w64-mingw32/bin/]
  ignore line: [LIBRARY_PATH=/usr/lib/gcc/x86_64-w64-mingw32/9.2.0/:/usr/lib/gcc/x86_64-w64-mingw32/9.2.0/../../../../x86_64-w64-mingw32/lib/../lib/:/usr/lib/gcc/x86_64-w64-mingw32/9.2.0/../../../../x86_64-w64-mingw32/lib/]
  ignore line: [COLLECT_GCC_OPTIONS='-D' '_FORTIFY_SOURCE=2' '-O2' '-pipe' '-fno-plt' '-fexceptions' '--param' 'ssp-buffer-size=4' '-v' '-o' 'CMakeFiles/cmTC_7616d.dir/CMakeCXXCompilerABI.cpp.obj' '-c' '-shared-libgcc' '-mtune=generic' '-march=x86-64']
  ignore line: [Linking CXX executable cmTC_7616d.exe]
  ignore line: [/usr/bin/cmake -E cmake_link_script CMakeFiles/cmTC_7616d.dir/link.txt --verbose=1]
  ignore line: [/usr/bin/cmake -E remove -f CMakeFiles/cmTC_7616d.dir/objects.a]
  ignore line: [/usr/bin/x86_64-w64-mingw32-ar cr CMakeFiles/cmTC_7616d.dir/objects.a @CMakeFiles/cmTC_7616d.dir/objects1.rsp]
  ignore line: [/usr/bin/x86_64-w64-mingw32-g++ -D_FORTIFY_SOURCE=2 -O2 -pipe -fno-plt -fexceptions --param=ssp-buffer-size=4   -Wl -O1 --sort-common --as-needed -fstack-protector -v -Wl --whole-archive CMakeFiles/cmTC_7616d.dir/objects.a -Wl --no-whole-archive  -o cmTC_7616d.exe -Wl --out-implib libcmTC_7616d.dll.a -Wl --major-image-version 0 --minor-image-version 0 ]
  ignore line: [Using built-in specs.]
  ignore line: [COLLECT_GCC=/usr/bin/x86_64-w64-mingw32-g++]
  ignore line: [COLLECT_LTO_WRAPPER=/usr/lib/gcc/x86_64-w64-mingw32/9.2.0/lto-wrapper]
  ignore line: [Target: x86_64-w64-mingw32]
  ignore line: [Configured with: /home/scarlet/Projects/mingw-w64-builds/pkg/mingw-w64-gcc/src/gcc/configure --prefix=/usr --libexecdir=/usr/lib --target=x86_64-w64-mingw32 --enable-languages=c lto c++ objc obj-c++ fortran ada --enable-shared --enable-static --enable-threads=posix --enable-fully-dynamic-string --enable-libstdcxx-time=yes --enable-libstdcxx-filesystem-ts=yes --with-system-zlib --enable-cloog-backend=isl --enable-lto --disable-dw2-exceptions --enable-libgomp --disable-multilib --enable-checking=release]
  ignore line: [Thread model: posix]
  ignore line: [gcc version 9.2.0 (GCC) ]
  ignore line: [COMPILER_PATH=/usr/lib/gcc/x86_64-w64-mingw32/9.2.0/:/usr/lib/gcc/x86_64-w64-mingw32/9.2.0/:/usr/lib/gcc/x86_64-w64-mingw32/:/usr/lib/gcc/x86_64-w64-mingw32/9.2.0/:/usr/lib/gcc/x86_64-w64-mingw32/:/usr/lib/gcc/x86_64-w64-mingw32/9.2.0/../../../../x86_64-w64-mingw32/bin/]
  ignore line: [LIBRARY_PATH=/usr/lib/gcc/x86_64-w64-mingw32/9.2.0/:/usr/lib/gcc/x86_64-w64-mingw32/9.2.0/../../../../x86_64-w64-mingw32/lib/../lib/:/usr/lib/gcc/x86_64-w64-mingw32/9.2.0/../../../../x86_64-w64-mingw32/lib/]
  ignore line: [COLLECT_GCC_OPTIONS='-D' '_FORTIFY_SOURCE=2' '-O2' '-pipe' '-fno-plt' '-fexceptions' '--param' 'ssp-buffer-size=4' '-fstack-protector' '-v' '-o' 'cmTC_7616d.exe' '-shared-libgcc' '-mtune=generic' '-march=x86-64']
  link line: [ /usr/lib/gcc/x86_64-w64-mingw32/9.2.0/collect2 -plugin /usr/lib/gcc/x86_64-w64-mingw32/9.2.0/liblto_plugin.so -plugin-opt=/usr/lib/gcc/x86_64-w64-mingw32/9.2.0/lto-wrapper -plugin-opt=-fresolution=/tmp/ccFh76yX.res -plugin-opt=-pass-through=-lmingw32 -plugin-opt=-pass-through=-lgcc_s -plugin-opt=-pass-through=-lgcc -plugin-opt=-pass-through=-lmoldname -plugin-opt=-pass-through=-lmingwex -plugin-opt=-pass-through=-lmsvcrt -plugin-opt=-pass-through=-lpthread -plugin-opt=-pass-through=-ladvapi32 -plugin-opt=-pass-through=-lshell32 -plugin-opt=-pass-through=-luser32 -plugin-opt=-pass-through=-lkernel32 -plugin-opt=-pass-through=-lmingw32 -plugin-opt=-pass-through=-lgcc_s -plugin-opt=-pass-through=-lgcc -plugin-opt=-pass-through=-lmoldname -plugin-opt=-pass-through=-lmingwex -plugin-opt=-pass-through=-lmsvcrt -m i386pep -Bdynamic -o cmTC_7616d.exe /usr/lib/gcc/x86_64-w64-mingw32/9.2.0/../../../../x86_64-w64-mingw32/lib/../lib/crt2.o /usr/lib/gcc/x86_64-w64-mingw32/9.2.0/crtbegin.o -L/usr/lib/gcc/x86_64-w64-mingw32/9.2.0 -L/usr/lib/gcc/x86_64-w64-mingw32/9.2.0/../../../../x86_64-w64-mingw32/lib/../lib -L/usr/lib/gcc/x86_64-w64-mingw32/9.2.0/../../../../x86_64-w64-mingw32/lib -O1 --sort-common --as-needed --whole-archive CMakeFiles/cmTC_7616d.dir/objects.a --no-whole-archive --out-implib libcmTC_7616d.dll.a --major-image-version 0 --minor-image-version 0 -lstdc++ -lssp_nonshared -lssp -lmingw32 -lgcc_s -lgcc -lmoldname -lmingwex -lmsvcrt -lpthread -ladvapi32 -lshell32 -luser32 -lkernel32 -lmingw32 -lgcc_s -lgcc -lmoldname -lmingwex -lmsvcrt /usr/lib/gcc/x86_64-w64-mingw32/9.2.0/crtend.o]
    arg [/usr/lib/gcc/x86_64-w64-mingw32/9.2.0/collect2] ==> ignore
    arg [-plugin] ==> ignore
    arg [/usr/lib/gcc/x86_64-w64-mingw32/9.2.0/liblto_plugin.so] ==> ignore
    arg [-plugin-opt=/usr/lib/gcc/x86_64-w64-mingw32/9.2.0/lto-wrapper] ==> ignore
    arg [-plugin-opt=-fresolution=/tmp/ccFh76yX.res] ==> ignore
    arg [-plugin-opt=-pass-through=-lmingw32] ==> ignore
    arg [-plugin-opt=-pass-through=-lgcc_s] ==> ignore
    arg [-plugin-opt=-pass-through=-lgcc] ==> ignore
    arg [-plugin-opt=-pass-through=-lmoldname] ==> ignore
    arg [-plugin-opt=-pass-through=-lmingwex] ==> ignore
    arg [-plugin-opt=-pass-through=-lmsvcrt] ==> ignore
    arg [-plugin-opt=-pass-through=-lpthread] ==> ignore
    arg [-plugin-opt=-pass-through=-ladvapi32] ==> ignore
    arg [-plugin-opt=-pass-through=-lshell32] ==> ignore
    arg [-plugin-opt=-pass-through=-luser32] ==> ignore
    arg [-plugin-opt=-pass-through=-lkernel32] ==> ignore
    arg [-plugin-opt=-pass-through=-lmingw32] ==> ignore
    arg [-plugin-opt=-pass-through=-lgcc_s] ==> ignore
    arg [-plugin-opt=-pass-through=-lgcc] ==> ignore
    arg [-plugin-opt=-pass-through=-lmoldname] ==> ignore
    arg [-plugin-opt=-pass-through=-lmingwex] ==> ignore
    arg [-plugin-opt=-pass-through=-lmsvcrt] ==> ignore
    arg [-m] ==> ignore
    arg [i386pep] ==> ignore
    arg [-Bdynamic] ==> ignore
    arg [-o] ==> ignore
    arg [cmTC_7616d.exe] ==> ignore
    arg [/usr/lib/gcc/x86_64-w64-mingw32/9.2.0/../../../../x86_64-w64-mingw32/lib/../lib/crt2.o] ==> ignore
    arg [/usr/lib/gcc/x86_64-w64-mingw32/9.2.0/crtbegin.o] ==> ignore
    arg [-L/usr/lib/gcc/x86_64-w64-mingw32/9.2.0] ==> dir [/usr/lib/gcc/x86_64-w64-mingw32/9.2.0]
    arg [-L/usr/lib/gcc/x86_64-w64-mingw32/9.2.0/../../../../x86_64-w64-mingw32/lib/../lib] ==> dir [/usr/lib/gcc/x86_64-w64-mingw32/9.2.0/../../../../x86_64-w64-mingw32/lib/../lib]
    arg [-L/usr/lib/gcc/x86_64-w64-mingw32/9.2.0/../../../../x86_64-w64-mingw32/lib] ==> dir [/usr/lib/gcc/x86_64-w64-mingw32/9.2.0/../../../../x86_64-w64-mingw32/lib]
    arg [-O1] ==> ignore
    arg [--sort-common] ==> ignore
    arg [--as-needed] ==> ignore
    arg [--whole-archive] ==> ignore
    arg [CMakeFiles/cmTC_7616d.dir/objects.a] ==> ignore
    arg [--no-whole-archive] ==> ignore
    arg [--out-implib] ==> ignore
    arg [libcmTC_7616d.dll.a] ==> ignore
    arg [--major-image-version] ==> ignore
    arg [0] ==> ignore
    arg [--minor-image-version] ==> ignore
    arg [0] ==> ignore
    arg [-lstdc++] ==> lib [stdc++]
    arg [-lssp_nonshared] ==> lib [ssp_nonshared]
    arg [-lssp] ==> lib [ssp]
    arg [-lmingw32] ==> lib [mingw32]
    arg [-lgcc_s] ==> lib [gcc_s]
    arg [-lgcc] ==> lib [gcc]
    arg [-lmoldname] ==> lib [moldname]
    arg [-lmingwex] ==> lib [mingwex]
    arg [-lmsvcrt] ==> lib [msvcrt]
    arg [-lpthread] ==> lib [pthread]
    arg [-ladvapi32] ==> lib [advapi32]
    arg [-lshell32] ==> lib [shell32]
    arg [-luser32] ==> lib [user32]
    arg [-lkernel32] ==> lib [kernel32]
    arg [-lmingw32] ==> lib [mingw32]
    arg [-lgcc_s] ==> lib [gcc_s]
    arg [-lgcc] ==> lib [gcc]
    arg [-lmoldname] ==> lib [moldname]
    arg [-lmingwex] ==> lib [mingwex]
    arg [-lmsvcrt] ==> lib [msvcrt]
    arg [/usr/lib/gcc/x86_64-w64-mingw32/9.2.0/crtend.o] ==> ignore
  remove lib [msvcrt]
  remove lib [msvcrt]
  collapse library dir [/usr/lib/gcc/x86_64-w64-mingw32/9.2.0] ==> [/usr/lib/gcc/x86_64-w64-mingw32/9.2.0]
  collapse library dir [/usr/lib/gcc/x86_64-w64-mingw32/9.2.0/../../../../x86_64-w64-mingw32/lib/../lib] ==> [/usr/x86_64-w64-mingw32/lib]
  collapse library dir [/usr/lib/gcc/x86_64-w64-mingw32/9.2.0/../../../../x86_64-w64-mingw32/lib] ==> [/usr/x86_64-w64-mingw32/lib]
  implicit libs: [stdc++;ssp_nonshared;ssp;mingw32;gcc_s;gcc;moldname;mingwex;pthread;advapi32;shell32;user32;kernel32;mingw32;gcc_s;gcc;moldname;mingwex]
  implicit dirs: [/usr/lib/gcc/x86_64-w64-mingw32/9.2.0;/usr/x86_64-w64-mingw32/lib]
  implicit fwks: []


